0.000 [ Info   ][Logger] No ORO_LOGLEVEL environment variable set.
0.000 [ Info   ][Logger]  OROCOS version '2.8.3' compiled with GCC 5.4.0. Running in GNU/Linux.
0.000 [ Info   ][Logger] Orocos Logging Activated at level : [ Warning] ( 4 ) 
0.000 [ Info   ][Logger] Reference System Time is : 1492604093436127027 ticks ( 1.4926e+09 seconds ).
0.000 [ Info   ][Logger] Logging is relative to this time.
0.000 [ Info   ][Logger] RTT_COMPONENT_PATH was set to: /home/erreur404/git-repos/IIT-workshop-examples/example-2/build/orocos/:/home/erreur404/citk/systems/cogimon-minimal-nightly/lib/orocos . Searching in: /home/erreur404/git-repos/IIT-workshop-examples/example-2/build/orocos/:/home/erreur404/citk/systems/cogimon-minimal-nightly/lib/orocos
0.000 [ Info   ][Logger] plugin 'rtt' not loaded before.
0.000 [ Info   ][Logger] Loading plugin libraries from directory /home/erreur404/citk/systems/cogimon-minimal-nightly/lib/orocos/gnulinux/./plugins ...
0.000 [ Info   ][Logger] Loaded RTT Service 'marshalling' from 'rtt-marshalling'
0.000 [ Info   ][Logger] Loaded RTT Service 'scripting' from 'rtt-scripting'
0.000 [ Info   ][Logger] typekit 'rtt' not loaded before.
0.000 [ Info   ][Logger] Loading typekit libraries from directory /home/erreur404/citk/systems/cogimon-minimal-nightly/lib/orocos/gnulinux/./types ...
0.010 [ Info   ][TypekitRepository::Import] Loading Typekit rtt-types.
0.010 [ Info   ][Logger] Loaded RTT TypeKit/Transport 'rtt-types' from 'rtt-typekit'
0.011 [ Info   ][TypekitRepository::Import] Loading Transport mqueue://rtt-types.
0.011 [ Info   ][TypekitRepository::Import] Registered new 'mqueue' transport for array
0.011 [ Info   ][TypekitRepository::Import] Registered new 'mqueue' transport for bool
0.011 [ Info   ][TypekitRepository::Import] Registered new 'mqueue' transport for char
0.011 [ Info   ][TypekitRepository::Import] Registered new 'mqueue' transport for double
0.011 [ Info   ][TypekitRepository::Import] Registered new 'mqueue' transport for float
0.011 [ Info   ][TypekitRepository::Import] Registered new 'mqueue' transport for int
0.011 [ Info   ][TypekitRepository::Import] Registered new 'mqueue' transport for uint
0.011 [ Info   ][Logger] Loaded RTT TypeKit/Transport 'rtt-mqueue-transport' from 'rtt-transport-mqueue'
0.021 [ Info   ][TypekitRepository::Import] Loading Transport CORBA://rtt-types.
0.021 [ Info   ][TypekitRepository::Import] Registered new 'CORBA' transport for ConnPolicy
0.021 [ Info   ][TypekitRepository::Import] Registered new 'CORBA' transport for TaskContext
0.021 [ Info   ][TypekitRepository::Import] Registered new 'CORBA' transport for array
0.021 [ Info   ][TypekitRepository::Import] Registered new 'CORBA' transport for bool
0.021 [ Info   ][TypekitRepository::Import] Registered new 'CORBA' transport for char
0.021 [ Info   ][TypekitRepository::Import] Registered new 'CORBA' transport for double
0.021 [ Info   ][TypekitRepository::Import] Registered new 'CORBA' transport for float
0.021 [ Info   ][TypekitRepository::Import] Registered new 'CORBA' transport for int
0.021 [ Info   ][TypekitRepository::Import] Registered new 'CORBA' transport for rt_string
0.021 [ Info   ][TypekitRepository::Import] Registered new 'CORBA' transport for string
0.021 [ Info   ][TypekitRepository::Import] Registered new 'CORBA' transport for uint
0.021 [ Info   ][TypekitRepository::Import] Registered new 'CORBA' transport for void
0.021 [ Info   ][Logger] Loaded RTT TypeKit/Transport 'rtt-corba-types' from 'rtt-transport-corba'
0.021 [ Info   ][Logger] RTT_COMPONENT_PATH was set to: /home/erreur404/git-repos/IIT-workshop-examples/example-2/build/orocos/:/home/erreur404/citk/systems/cogimon-minimal-nightly/lib/orocos . Searching in: /home/erreur404/git-repos/IIT-workshop-examples/example-2/build/orocos/:/home/erreur404/citk/systems/cogimon-minimal-nightly/lib/orocos
0.021 [ Info   ][Logger] OCL factory set for real-time logging
0.021 [ Info   ][Thread] Creating Thread for scheduler=ORO_SCHED_OTHER, priority=1, CPU affinity=0, with name='Deployer'
0.022 [ Info   ][Deployer] Thread created with scheduler type 'ORO_SCHED_OTHER', priority 0, cpu affinity 15 and period 0 (PID= 17574 ).
0.022 [ Info   ][Logger] No site file was found. Importing 'ocl' by default.
0.022 [ Info   ][ComponentLoader::import(path_list)] Importing directory /home/erreur404/citk/systems/cogimon-minimal-nightly/lib/orocos/gnulinux/ocl ...
0.023 [ Info   ][ComponentLoader::import(path_list)] Loaded multi component library '/home/erreur404/citk/systems/cogimon-minimal-nightly/lib/orocos/gnulinux/ocl/liborocos-ocl-logging-gnulinux.so'
0.034 [ Info   ][ComponentLoader::import(path_list)] Loaded multi component library '/home/erreur404/citk/systems/cogimon-minimal-nightly/lib/orocos/gnulinux/ocl/liborocos-ocl-reporting-netcdf-gnulinux.so'
0.034 [ Info   ][ComponentLoader::import(path_list)] Loaded component type 'OCL::NetcdfReporting'
0.036 [ Info   ][ComponentLoader::import(path_list)] Loaded multi component library '/home/erreur404/citk/systems/cogimon-minimal-nightly/lib/orocos/gnulinux/ocl/liborocos-ocl-timer-gnulinux.so'
0.036 [ Info   ][ComponentLoader::import(path_list)] Loaded multi component library '/home/erreur404/citk/systems/cogimon-minimal-nightly/lib/orocos/gnulinux/ocl/liborocos-ocl-reporting-gnulinux.so'
0.037 [ Info   ][ComponentLoader::import(path_list)] Loaded component type 'OCL::HelloWorld'
0.037 [ Info   ][ComponentLoader::import(path_list)] Loaded multi component library '/home/erreur404/citk/systems/cogimon-minimal-nightly/lib/orocos/gnulinux/ocl/liborocos-ocl-common-gnulinux.so'
0.037 [ Info   ][ComponentLoader::import(path_list)] Loading typekit libraries from directory /home/erreur404/citk/systems/cogimon-minimal-nightly/lib/orocos/gnulinux/ocl/types ...
0.039 [ Info   ][TypekitRepository::Import] Loading Typekit OCLTypekit.
0.039 [ Info   ][ComponentLoader::import(path_list)] Loaded RTT TypeKit/Transport 'OCLTypekit' from 'ocl'
0.039 [ Info   ][ComponentLoader::import(path_list)] Loading plugin libraries from directory /home/erreur404/citk/systems/cogimon-minimal-nightly/lib/orocos/gnulinux/ocl/plugins ...
0.040 [ Info   ][ComponentLoader::import(path_list)] Loaded RTT Service 'os' from 'os'
0.041 [ Info   ][ComponentLoader::import(path_list)] Loaded RTT Service 'print' from 'print'
0.041 [ Info   ][Logger] Loading Service or Plugin scripting in TaskContext Deployer
0.041 [ Info   ][Logger] Found complete interface of requested service 'scripting'
0.041 [ Info   ][Logger] Running Script example_2.ops ...
0.041 [ Info   ][Thread] Creating Thread for scheduler=ORO_SCHED_OTHER, priority=1, CPU affinity=0, with name='GlobalEngine'
0.041 [ Info   ][GlobalEngine] Thread created with scheduler type 'ORO_SCHED_OTHER', priority 0, cpu affinity 15 and period 0 (PID= 17575 ).
0.042 [ Info   ][ComponentLoader::import(path_list)] Importing directory /home/erreur404/citk/systems/cogimon-minimal-nightly/lib/orocos/gnulinux/eigen_typekit ...
0.042 [ Info   ][ComponentLoader::import(path_list)] Loading typekit libraries from directory /home/erreur404/citk/systems/cogimon-minimal-nightly/lib/orocos/gnulinux/eigen_typekit/types ...
0.044 [ Info   ][TypekitRepository::Import] Loading Typekit Eigen.
0.044 [ Info   ][ComponentLoader::import(path_list)] Loaded RTT TypeKit/Transport 'Eigen' from 'eigen_typekit'
0.045 [ Info   ][ComponentLoader::import(path_list)] Importing directory /home/erreur404/citk/systems/cogimon-minimal-nightly/lib/orocos/gnulinux/kdl_typekit ...
0.045 [ Info   ][ComponentLoader::import(path_list)] Loading typekit libraries from directory /home/erreur404/citk/systems/cogimon-minimal-nightly/lib/orocos/gnulinux/kdl_typekit/types ...
0.045 [ Info   ][TypekitRepository::Import] Loading Transport CORBA://KDL.
0.045 [ Info   ][ComponentLoader::import(path_list)] Loaded RTT TypeKit/Transport 'kdl-corba-types' from 'kdl-transport-corba'
0.065 [ Info   ][TypekitRepository::Import] Loading Typekit KDL.
0.065 [ Info   ][TypekitRepository::Import] Registered new 'CORBA' transport for KDL.Frame
0.065 [ Info   ][TypekitRepository::Import] Registered new 'CORBA' transport for KDL.Rotation
0.065 [ Info   ][TypekitRepository::Import] Registered new 'CORBA' transport for KDL.Twist
0.065 [ Info   ][TypekitRepository::Import] Registered new 'CORBA' transport for KDL.Vector
0.065 [ Info   ][TypekitRepository::Import] Registered new 'CORBA' transport for KDL.Wrench
0.065 [ Info   ][ComponentLoader::import(path_list)] Loaded RTT TypeKit/Transport 'KDL' from 'kdl_typekit'
0.065 [ Info   ][ComponentLoader::import(path_list)] Importing directory /home/erreur404/citk/systems/cogimon-minimal-nightly/lib/orocos/gnulinux/rst-rt_typekit ...
0.065 [ Info   ][ComponentLoader::import(path_list)] Loading typekit libraries from directory /home/erreur404/citk/systems/cogimon-minimal-nightly/lib/orocos/gnulinux/rst-rt_typekit/types ...
0.099 [ Info   ][TypekitRepository::Import] Loading Typekit rst-rt.
0.100 [ Info   ][ComponentLoader::import(path_list)] Loaded RTT TypeKit/Transport 'rst-rt' from 'rst-rt_typekit'
0.100 [ Info   ][ComponentLoader::import(path_list)] Importing directory /home/erreur404/citk/systems/cogimon-minimal-nightly/lib/orocos/gnulinux/rtt_gazebo_embedded ...
0.181 [ Info   ][ComponentLoader::import(path_list)] Loaded component type 'ModelPluginExample'
0.185 [ Info   ][ComponentLoader::import(path_list)] Loaded component type 'RTTGazeboEmbedded'
0.185 [ Info   ][ComponentLoader::import(path_list)] Importing directory /home/erreur404/citk/systems/cogimon-minimal-nightly/lib/orocos/gnulinux/rtt-gazebo-robot-sim ...
0.195 [ Info   ][ComponentLoader::import(path_list)] Loaded multi component library '/home/erreur404/citk/systems/cogimon-minimal-nightly/lib/orocos/gnulinux/rtt-gazebo-robot-sim/librtt-gazebo-robot-sim-gnulinux.so'
0.195 [ Info   ][ComponentLoader::import(path_list)] Importing directory /home/erreur404/citk/systems/cogimon-minimal-nightly/lib/orocos/gnulinux/rtt-core-extensions ...
0.199 [ Info   ][ComponentLoader::import(path_list)] Loaded multi component library '/home/erreur404/citk/systems/cogimon-minimal-nightly/lib/orocos/gnulinux/rtt-core-extensions/librtt-core-extensions-components-gnulinux.so'
0.200 [ Info   ][Thread] Creating Thread for scheduler=ORO_SCHED_OTHER, priority=1, CPU affinity=0, with name='gazebo'
0.200 [ Info   ][gazebo] Thread created with scheduler type 'ORO_SCHED_OTHER', priority 0, cpu affinity 15 and period 0 (PID= 17577 ).
0.200 [ Info   ][loadComponent] Creating gazebo with gazebo embedded !
0.200 [ Info   ][loadComponent] Adding gazebo as new peer:  OK.
0.201 [ Info   ][Thread] Creating Thread for scheduler=ORO_SCHED_OTHER, priority=10, CPU affinity=4294967295, with name='gazebo'
0.201 [ Warning][Thread] Forcing priority (10) of thread with SCHED_OTHER policy to 0.
0.201 [ Info   ][gazebo] Thread created with scheduler type 'ORO_SCHED_OTHER', priority 0, cpu affinity 15 and period 0 (PID= 17578 ).
0.204 [ Info   ][Thread] Creating Thread for scheduler=ORO_SCHED_OTHER, priority=1, CPU affinity=0, with name='robot_gazebo'
0.204 [ Info   ][robot_gazebo] Thread created with scheduler type 'ORO_SCHED_OTHER', priority 0, cpu affinity 15 and period 0 (PID= 17579 ).
0.204 [ Info   ][loadComponent] Adding robot_gazebo as new peer:  OK.
0.204 [ Info   ][Thread] Creating Thread for scheduler=ORO_SCHED_OTHER, priority=11, CPU affinity=4294967295, with name='robot_gazebo'
0.204 [ Warning][Thread] Forcing priority (11) of thread with SCHED_OTHER policy to 0.
0.204 [ Info   ][robot_gazebo] Thread created with scheduler type 'ORO_SCHED_OTHER', priority 0, cpu affinity 15 and period 0 (PID= 17580 ).
0.205 [ Info   ][ScriptingService] Creating world at worlds/empty.world
0.206 [ Info   ][ScriptingService] RTT_COMPONENT_PATH was set to: /home/erreur404/git-repos/IIT-workshop-examples/example-2/build/orocos/:/home/erreur404/citk/systems/cogimon-minimal-nightly/lib/orocos . Searching in: /home/erreur404/git-repos/IIT-workshop-examples/example-2/build/orocos/:/home/erreur404/citk/systems/cogimon-minimal-nightly/lib/orocos
0.206 [ Info   ][ScriptingService] plugin 'rtt' not loaded before.
0.206 [ Info   ][ScriptingService] Loading plugin libraries from directory /home/erreur404/citk/systems/cogimon-minimal-nightly/lib/orocos/gnulinux/./plugins ...
0.206 [ Info   ][ScriptingService] typekit 'rtt' not loaded before.
0.206 [ Info   ][ScriptingService] Loading typekit libraries from directory /home/erreur404/citk/systems/cogimon-minimal-nightly/lib/orocos/gnulinux/./types ...
0.206 [ Info   ][ScriptingService] RTT_COMPONENT_PATH was set to: /home/erreur404/git-repos/IIT-workshop-examples/example-2/build/orocos/:/home/erreur404/citk/systems/cogimon-minimal-nightly/lib/orocos . Searching in: /home/erreur404/git-repos/IIT-workshop-examples/example-2/build/orocos/:/home/erreur404/citk/systems/cogimon-minimal-nightly/lib/orocos
0.216 [ Info   ][Thread] Creating Thread for scheduler=ORO_SCHED_OTHER, priority=1, CPU affinity=0, with name='rtt_clock_SimClockThread'
0.216 [ Info   ][rtt_clock_SimClockThread] Thread created with scheduler type 'ORO_SCHED_OTHER', priority 0, cpu affinity 15 and period 0 (PID= 17584 ).
0.216 [ Info   ][ScriptingService] Orocos Logging Deactivated.
0.000 [ Info   ][ScriptingService] No ORO_LOGLEVEL environment variable set.
0.000 [ Info   ][ScriptingService]  OROCOS version '2.8.3' compiled with GCC 5.4.0. Running in GNU/Linux.
0.000 [ Info   ][ScriptingService] Orocos Logging Activated at level : [ Info   ] ( 5 ) 
0.000 [ Info   ][ScriptingService] Reference System Time is : 0 ticks ( 0 seconds ).
0.000 [ Info   ][ScriptingService] Logging is relative to this time.
0.186 [ Info   ][ScriptingService] Model [robotmodel] successfully loaded !
0.186 [ Info   ][ScriptingService] URDF path: /home/erreur404/citk/systems/cogimon-minimal-nightly/share/gazebo/models/cogimon/kuka-lwr-4plus/model.urdf
0.186 [ Info   ][ScriptingService] SRDF path: /home/erreur404/citk/systems/cogimon-minimal-nightly/share/gazebo/models/cogimon/kuka-lwr-4plus/model.srdf
0.186 [ Info   ][ScriptingService] chain #0 full_arm
0.186 [ Info   ][ScriptingService]   lwr_arm_0_joint
0.186 [ Info   ][ScriptingService]   lwr_arm_1_joint
0.186 [ Info   ][ScriptingService]   lwr_arm_2_joint
0.186 [ Info   ][ScriptingService]   lwr_arm_3_joint
0.186 [ Info   ][ScriptingService]   lwr_arm_4_joint
0.186 [ Info   ][ScriptingService]   lwr_arm_5_joint
0.186 [ Info   ][ScriptingService]   lwr_arm_6_joint
0.187 [ Info   ][ScriptingService] Model name robotmodel
0.187 [ Info   ][ScriptingService] Model has 8 joints
0.187 [ Info   ][ScriptingService] Model has 8 links
0.187 [ Info   ][ScriptingService] Creating Kinematic Chain full_arm
0.187 [ Info   ][ScriptingService] Joints: 
0.187 [ Info   ][ScriptingService]     lwr_arm_0_joint
0.187 [ Info   ][ScriptingService]     lwr_arm_1_joint
0.187 [ Info   ][ScriptingService]     lwr_arm_2_joint
0.187 [ Info   ][ScriptingService]     lwr_arm_3_joint
0.187 [ Info   ][ScriptingService]     lwr_arm_4_joint
0.187 [ Info   ][ScriptingService]     lwr_arm_5_joint
0.187 [ Info   ][ScriptingService]     lwr_arm_6_joint
0.187 [ Info   ][ScriptingService] Kinematic Chains map created!
0.187 [ Info   ][ScriptingService] Available controllers for full_arm are:
0.187 [ Info   ][ScriptingService]   JointPositionCtrl
0.187 [ Info   ][ScriptingService]   JointImpedanceCtrl
0.187 [ Info   ][ScriptingService]   JointTorqueCtrl
0.187 [ Info   ][ScriptingService] Joint lwr_arm_0_joint in chain full_arm has scoped name robotmodel::lwr_arm_0_joint
0.187 [ Info   ][ScriptingService] Joint lwr_arm_1_joint in chain full_arm has scoped name robotmodel::lwr_arm_1_joint
0.187 [ Info   ][ScriptingService] Joint lwr_arm_2_joint in chain full_arm has scoped name robotmodel::lwr_arm_2_joint
0.187 [ Info   ][ScriptingService] Joint lwr_arm_3_joint in chain full_arm has scoped name robotmodel::lwr_arm_3_joint
0.187 [ Info   ][ScriptingService] Joint lwr_arm_4_joint in chain full_arm has scoped name robotmodel::lwr_arm_4_joint
0.187 [ Info   ][ScriptingService] Joint lwr_arm_5_joint in chain full_arm has scoped name robotmodel::lwr_arm_5_joint
0.187 [ Info   ][ScriptingService] Joint lwr_arm_6_joint in chain full_arm has scoped name robotmodel::lwr_arm_6_joint
0.187 [ Info   ][ScriptingService] JointPositionCtrl activated!
0.187 [ Info   ][ScriptingService] JointImpedanceCtrl activated!
0.187 [ Info   ][ScriptingService] JointTorqueCtrl activated!
0.187 [ Info   ][ScriptingService] Full feedback activated!
0.187 [ Info   ][ScriptingService] full_arm PIDs:
0.187 [ Info   ][ScriptingService]   lwr_arm_0_joint P: 1000 I: 0 D: 0.1
0.187 [ Info   ][ScriptingService]   lwr_arm_1_joint P: 1000 I: 0 D: 0.1
0.187 [ Info   ][ScriptingService]   lwr_arm_2_joint P: 600 I: 0 D: 0.1
0.187 [ Info   ][ScriptingService]   lwr_arm_3_joint P: 1000 I: 0 D: 0.1
0.187 [ Info   ][ScriptingService]   lwr_arm_4_joint P: 100 I: 0 D: 0.1
0.187 [ Info   ][ScriptingService]   lwr_arm_5_joint P: 100 I: 0 D: 0.1
0.187 [ Info   ][ScriptingService]   lwr_arm_6_joint P: 10 I: 0 D: 0.01
0.187 [ Info   ][ScriptingService] Gazebo Joint Controlled inited!
0.187 [ Info   ][ScriptingService] Initial Position set!
0.187 [ Info   ][ScriptingService] full_arm impedance:
0.187 [ Info   ][ScriptingService]   lwr_arm_0_joint stiffness: 300 damping: 30
0.187 [ Info   ][ScriptingService]   lwr_arm_1_joint stiffness: 300 damping: 30
0.187 [ Info   ][ScriptingService]   lwr_arm_2_joint stiffness: 300 damping: 30
0.187 [ Info   ][ScriptingService]   lwr_arm_3_joint stiffness: 300 damping: 30
0.187 [ Info   ][ScriptingService]   lwr_arm_4_joint stiffness: 300 damping: 30
0.187 [ Info   ][ScriptingService]   lwr_arm_5_joint stiffness: 300 damping: 30
0.187 [ Info   ][ScriptingService]   lwr_arm_6_joint stiffness: 300 damping: 30
0.187 [ Info   ][ScriptingService] Initial Impedance set!
0.187 [ Info   ][ScriptingService] Kinematic Chains Initialized!
0.188 [ Info   ][ScriptingService] Checking Sensors
0.188 [ Warning][ScriptingService] Done configuring component
0.188 [ Info   ][ComponentLoader::import(path_list)] Importing directory /home/erreur404/git-repos/IIT-workshop-examples/example-2/build/orocos/gnulinux/RttExamples2 ...
0.220 [ Info   ][ComponentLoader::import(path_list)] Loaded multi component library '/home/erreur404/git-repos/IIT-workshop-examples/example-2/build/orocos/gnulinux/RttExamples2/libRttExamples2-gnulinux.so'
0.220 [ Info   ][Thread] Creating Thread for scheduler=ORO_SCHED_OTHER, priority=1, CPU affinity=0, with name='myTorqueController'
0.220 [ Info   ][myTorqueController] Thread created with scheduler type 'ORO_SCHED_OTHER', priority 0, cpu affinity 15 and period 0 (PID= 17597 ).
0.221 [ Info   ][loadComponent] Adding myTorqueController as new peer:  OK.
0.221 [ Info   ][Thread] Creating Thread for scheduler=ORO_SCHED_OTHER, priority=50, CPU affinity=4294967295, with name='myTorqueController'
0.221 [ Warning][Thread] Forcing priority (50) of thread with SCHED_OTHER policy to 0.
0.221 [ Info   ][myTorqueController] Thread created with scheduler type 'ORO_SCHED_OTHER', priority 0, cpu affinity 15 and period 0.05 (PID= 17598 ).
0.222 [ Info   ][connect] Connected Port robot_gazebo.full_arm_JointFeedback to  myTorqueController.in_robotstatus_port.
0.222 [ Info   ][connect] Connected Port myTorqueController.out_torques_port to  robot_gazebo.full_arm_JointTorqueCtrl.
0.222 [ Info   ][ComponentLoader::import(path_list)] Importing directory /home/erreur404/citk/systems/cogimon-minimal-nightly/lib/orocos/gnulinux/rtt_dot_service ...
0.222 [ Info   ][ComponentLoader::import(path_list)] Loading plugin libraries from directory /home/erreur404/citk/systems/cogimon-minimal-nightly/lib/orocos/gnulinux/rtt_dot_service/plugins ...
0.240 [ Info   ][ComponentLoader::import(path_list)] Loaded RTT Service 'dot' from 'rtt_dot_service'
0.240 [ Info   ][ScriptingService] Loading Service or Plugin dot in TaskContext Deployer
0.241 [ Info   ][Thread] Creating Thread for scheduler=ORO_SCHED_OTHER, priority=1, CPU affinity=0, with name='TaskBrowser'
0.241 [ Info   ][TaskBrowser] Thread created with scheduler type 'ORO_SCHED_OTHER', priority 0, cpu affinity 15 and period 0 (PID= 17599 ).
0.241 [ Info   ][Logger] Entering Task Deployer
101.000 [ Warning][Logger] Time went backwards by -1 seconds! (101000000000 --> 100000000000)
193.000 [ Warning][Logger] Time went backwards by -1 seconds! (193000000000 --> 192000000000)
245.506 [ Info   ][Thread] Creating Thread for scheduler=ORO_SCHED_OTHER, priority=1, CPU affinity=0, with name='filereporter'
245.506 [ Info   ][filereporter] Thread created with scheduler type 'ORO_SCHED_OTHER', priority 0, cpu affinity 15 and period 0 (PID= 17860 ).
245.598 [ Info   ][loadComponent] Adding filereporter as new peer:  OK.
245.598 [ Info   ][Logger] Loading Service or Plugin marshalling in TaskContext filereporter
245.598 [ Info   ][ReportingComponent] Not buffering of data flow connections. You may miss samples.
245.598 [ Info   ][ReportingComponent] Monitoring OutputPort full_arm_JointFeedback : ok.
245.609 [ Info   ][ReportingComponent] Not buffering of data flow connections. You may miss samples.
245.609 [ Info   ][ReportingComponent] Monitoring OutputPort out_torques_port : ok.
245.609 [ Info   ][ReportingComponent] Not buffering of data flow connections. You may miss samples.
245.609 [ Info   ][ReportingComponent] Monitoring OutputPort full_arm_JointFeedback : ok.
245.609 [ Info   ][ReportingComponent] Not buffering of data flow connections. You may miss samples.
245.609 [ Info   ][ReportingComponent] Monitoring OutputPort out_torques_port : ok.
258.000 [ Warning][Logger] Time went backwards by -1 seconds! (258000000000 --> 257000000000)
273.000 [ Warning][Logger] Time went backwards by -1 seconds! (273000000000 --> 272000000000)
286.000 [ Warning][Logger] Time went backwards by -1 seconds! (286000000000 --> 285000000000)
312.196 [ Info   ][Logger] Ignoring deployment shutdown function due to missing peer.
312.196 [ Info   ][stopComponentsGroup] Stopping group 0
312.197 [ Info   ][stopComponentsGroup] Stopped filereporter
312.235 [ Info   ][stopComponentsGroup] Stopped myTorqueController
312.235 [ Info   ][stopComponentsGroup] Stopped robot_gazebo
312.235 [ Info   ][stopComponentsGroup] Stopped gazebo
312.235 [ Info   ][cleanupComponentsGroup] Cleaning up group 0
312.235 [ Info   ][cleanupComponentsGroup] Cleaned up filereporter
312.235 [ Info   ][cleanupComponentsGroup] Cleaned up myTorqueController
312.235 [ Info   ][cleanupComponentsGroup] Cleaned up robot_gazebo
312.235 [ Info   ][cleanupComponentsGroup] Cleaned up gazebo
312.235 [ Info   ][Logger] Unloading group 0
312.235 [ Info   ][Logger] Disconnected and destroyed filereporter
312.235 [ Info   ][Logger] Disconnected and destroyed myTorqueController
312.235 [ Info   ][Logger] Disconnected and destroyed robot_gazebo
312.235 [ Info   ][Logger] Disconnected and destroyed gazebo
312.235 [ Info   ][Logger] Kick-out of group 0 successful.
312.235 [ Info   ][Logger] Disabling simulated time...
312.235 [ Info   ][Logger] Orocos Logging Deactivated.
0.000 [ Info   ][Logger] No ORO_LOGLEVEL environment variable set.
0.000 [ Info   ][Logger]  OROCOS version '2.8.3' compiled with GCC 5.4.0. Running in GNU/Linux.
0.000 [ Info   ][Logger] Orocos Logging Activated at level : [ Info   ] ( 5 ) 
0.000 [ Info   ][Logger] Reference System Time is : 312235000890 ticks ( 312.235 seconds ).
0.000 [ Info   ][Logger] Logging is relative to this time.
0.000 [ Info   ][Logger] Orocos Logging Deactivated.
